nohup: ignoring input
[overnight] run root: results/finetune/20260414_004428
[overnight] start: 2026-04-14T00:44:28-05:00

==============================================
[overnight] N=3 starting at 2026-04-14T00:44:28-05:00
==============================================
[overnight] step 1/3: build data
[overnight] N=3 build FAILED, see results/finetune/20260414_004428/logs/N3_build.log

==============================================
[overnight] N=5 starting at 2026-04-14T00:44:28-05:00
==============================================
[overnight] step 1/3: build data
[overnight] N=5 build FAILED, see results/finetune/20260414_004428/logs/N5_build.log

==============================================
[overnight] N=8 starting at 2026-04-14T00:44:28-05:00
==============================================
[overnight] step 1/3: build data
[overnight] N=8 build FAILED, see results/finetune/20260414_004428/logs/N8_build.log

[overnight] all runs complete at 2026-04-14T00:44:29-05:00

==============================================
[overnight] summary
==============================================
  N | kappa_high | n_scored | parse_fail | by-position
------------------------------------------------------------------------------------------
  3 |    MISSING
  5 |    MISSING
  8 |    MISSING
