[overnight] run root: results/finetune/20260415_004820
[overnight] start: 2026-04-15T00:48:20-05:00

==============================================
[overnight] N=3 starting at 2026-04-15T00:48:20-05:00
==============================================
[overnight] step 1/3: build data
[overnight] step 2/3: train
[overnight] step 3/3: eval
[overnight] N=3 done at 2026-04-15T02:33:18-05:00

==============================================
[overnight] N=5 starting at 2026-04-15T02:33:18-05:00
==============================================
[overnight] step 1/3: build data
[overnight] step 2/3: train
[overnight] step 3/3: eval
[overnight] N=5 done at 2026-04-15T04:49:25-05:00

==============================================
[overnight] N=8 starting at 2026-04-15T04:49:25-05:00
==============================================
[overnight] step 1/3: build data
[overnight] step 2/3: train
[overnight] step 3/3: eval
[overnight] N=8 done at 2026-04-15T07:10:48-05:00

[overnight] all runs complete at 2026-04-15T07:10:48-05:00

==============================================
[overnight] summary
==============================================
  N | kappa_high | n_scored | parse_fail | by-position
------------------------------------------------------------------------------------------
  3 |      0.049 |      233 |        401 | 0-2: n/a(n=3)  10+: 0.06(n=221)  3-5: n/a(n=4)  6-9: n/a(n=5)
  5 |     -0.018 |      156 |        478 | 0-2: n/a(n=3)  10+: -0.02(n=146)  3-5: n/a(n=2)  6-9: n/a(n=5)
  8 |        n/a |        7 |        627 | 0-2: n/a(n=1)  3-5: n/a(n=5)  6-9: n/a(n=1)
